Using pre-set license
Built from '2021.1/release' branch; Version is '2021.1.0b12 (5f97ac28ace0) revision 6264748'; Using compiler version '192528614'; Build Type 'Release'
OS: 'Windows 10 Home; OS build 19042.867; Version 2009; 64bit' Language: 'en' Physical Memory: 16301 MB
BatchMode: 1, IsHumanControllingUs: 0, StartBugReporterOnCrash: 0, Is64bit: 1, IsPro: 0

 COMMAND LINE ARGUMENTS:
D:\Unity\2021.1.0b12\Editor\Unity.exe
-adb2
-batchMode
-noUpm
-name
AssetImportWorker0
-projectPath
D:/Projects/Unity/Project DCTD
-logFile
Logs/AssetImportWorker0.log
-srvPort
57777
Successfully changed project path to: D:/Projects/Unity/Project DCTD
D:/Projects/Unity/Project DCTD
Using Asset Import Pipeline V2.
Refreshing native plugins compatible for Editor in 138.88 ms, found 1 plugins.
Preloading 0 native plugins for Editor in 0.00 ms.
Initialize engine version: 2021.1.0b12 (5f97ac28ace0)
[Subsystems] Discovering subsystems at path D:/Unity/2021.1.0b12/Editor/Data/Resources/UnitySubsystems
[Subsystems] Discovering subsystems at path D:/Projects/Unity/Project DCTD/Assets
GfxDevice: creating device client; threaded=0; jobified=0
Direct3D:
    Version:  Direct3D 11.0 [level 11.1]
    Renderer: NVIDIA GeForce GTX 980 (ID=0x13c0)
    Vendor:   NVIDIA
    VRAM:     4053 MB
    Driver:   27.21.14.6589
Initialize mono
Mono path[0] = 'D:/Unity/2021.1.0b12/Editor/Data/Managed'
Mono path[1] = 'D:/Unity/2021.1.0b12/Editor/Data/MonoBleedingEdge/lib/mono/unityjit'
Mono config path = 'D:/Unity/2021.1.0b12/Editor/Data/MonoBleedingEdge/etc'
Using monoOptions --debugger-agent=transport=dt_socket,embedding=1,server=y,suspend=n,address=127.0.0.1:56720
Begin MonoManager ReloadAssembly
Registering precompiled unity dll's ...
Register platform support module: D:/Unity/2021.1.0b12/Editor/Data/PlaybackEngines/WebGLSupport/UnityEditor.WebGL.Extensions.dll
Register platform support module: D:/Unity/2021.1.0b12/Editor/Data/PlaybackEngines/WindowsStandaloneSupport/UnityEditor.WindowsStandalone.Extensions.dll
Registered in 0.002612 seconds.
Native extension for WindowsStandalone target not found
Native extension for WebGL target not found
Refreshing native plugins compatible for Editor in 93.58 ms, found 1 plugins.
Preloading 0 native plugins for Editor in 0.00 ms.
Mono: successfully reloaded assembly
- Completed reload, in  2.262 seconds
Platform modules already initialized, skipping
Registering precompiled user dll's ...
Registered in 0.004668 seconds.
Begin MonoManager ReloadAssembly
Native extension for WindowsStandalone target not found
Native extension for WebGL target not found
Refreshing native plugins compatible for Editor in 0.42 ms, found 1 plugins.
Preloading 0 native plugins for Editor in 0.00 ms.
Mono: successfully reloaded assembly
- Completed reload, in  1.333 seconds
Platform modules already initialized, skipping
========================================================================
Worker process is ready to serve import requests
Launched and connected shader compiler UnityShaderCompiler.exe after 0.05 seconds
Refreshing native plugins compatible for Editor in 0.86 ms, found 1 plugins.
Preloading 0 native plugins for Editor in 0.00 ms.
Unloading 2674 Unused Serialized files (Serialized files now loaded: 0)
System memory in use before: 107.0 MB.
System memory in use after: 107.2 MB.

Unloading 14 unused Assets to reduce memory usage. Loaded Objects now: 3126.
Total: 3.300900 ms (FindLiveObjects: 0.431900 ms CreateObjectMapping: 0.211400 ms MarkObjects: 2.568300 ms  DeleteObjects: 0.087700 ms)

========================================================================
Received Import Request.
  path: Assets/Materials/Turret_Secondary.mat
  artifactKey: Guid(94c7ed63f9fa1f14e80a74a07b4fdf53) Importer(815301076,1909f56bfc062723c751e8b465ee728b)
Start importing Assets/Materials/Turret_Secondary.mat using Guid(94c7ed63f9fa1f14e80a74a07b4fdf53) Importer(815301076,1909f56bfc062723c751e8b465ee728b)  -> (artifact id: '34932db8f78df6468c974c3b6e9f628d') in 0.208722 seconds 
========================================================================
Received Import Request.
  Time since last request: 0.000266 seconds.
  path: Assets/Materials/END.mat
  artifactKey: Guid(a5079e2ba3c1af94d9dcdb6d0db4d19a) Importer(815301076,1909f56bfc062723c751e8b465ee728b)
Start importing Assets/Materials/END.mat using Guid(a5079e2ba3c1af94d9dcdb6d0db4d19a) Importer(815301076,1909f56bfc062723c751e8b465ee728b)  -> (artifact id: '2357f592b6ac4be8bbc350f72db8e86b') in 0.022764 seconds 
========================================================================
Received Import Request.
  Time since last request: 0.000234 seconds.
  path: Assets/Materials/START.mat
  artifactKey: Guid(d90000b136ef2054bbb3649a33368568) Importer(815301076,1909f56bfc062723c751e8b465ee728b)
Start importing Assets/Materials/START.mat using Guid(d90000b136ef2054bbb3649a33368568) Importer(815301076,1909f56bfc062723c751e8b465ee728b)  -> (artifact id: '6d17550b1c6f5e4719b1c71cdd3d6c80') in 0.022005 seconds 
========================================================================
Received Import Request.
  Time since last request: 0.000222 seconds.
  path: Assets/Materials/Turret_Barrels.mat
  artifactKey: Guid(4a8c17d4bee75f34ba9d77e2f4ba08ec) Importer(815301076,1909f56bfc062723c751e8b465ee728b)
Start importing Assets/Materials/Turret_Barrels.mat using Guid(4a8c17d4bee75f34ba9d77e2f4ba08ec) Importer(815301076,1909f56bfc062723c751e8b465ee728b)  -> (artifact id: 'fc5c3df3cb59696465f444524a40567d') in 0.023040 seconds 
========================================================================
Received Import Request.
  Time since last request: 0.000265 seconds.
  path: Assets/Materials/Turret_Main.mat
  artifactKey: Guid(ff07c74a92d04db48b20d4cdd09687d0) Importer(815301076,1909f56bfc062723c751e8b465ee728b)
Start importing Assets/Materials/Turret_Main.mat using Guid(ff07c74a92d04db48b20d4cdd09687d0) Importer(815301076,1909f56bfc062723c751e8b465ee728b)  -> (artifact id: '06de644aa6869d01f1ad9d4c3d561df5') in 0.025121 seconds 
========================================================================
Received Import Request.
  Time since last request: 0.000167 seconds.
  path: Assets/Materials/BulletImpact.mat
  artifactKey: Guid(415c7d52201704640a24e107b112c905) Importer(815301076,1909f56bfc062723c751e8b465ee728b)
Start importing Assets/Materials/BulletImpact.mat using Guid(415c7d52201704640a24e107b112c905) Importer(815301076,1909f56bfc062723c751e8b465ee728b)  -> (artifact id: 'abf840d7a4bfa92b184573b7515fe017') in 0.021315 seconds 
========================================================================
Received Import Request.
  Time since last request: 0.000184 seconds.
  path: Assets/Materials/Bullet.mat
  artifactKey: Guid(f17058336ef8d434b9337ee64179d0e0) Importer(815301076,1909f56bfc062723c751e8b465ee728b)
Start importing Assets/Materials/Bullet.mat using Guid(f17058336ef8d434b9337ee64179d0e0) Importer(815301076,1909f56bfc062723c751e8b465ee728b)  -> (artifact id: '3802a2904b4cdf0b1fee07510fa8a924') in 0.031348 seconds 
========================================================================
Received Import Request.
  Time since last request: 0.000363 seconds.
  path: Assets/Materials/Enemy 3.mat
  artifactKey: Guid(c414020771876244e965da668473a0f5) Importer(815301076,1909f56bfc062723c751e8b465ee728b)
Start importing Assets/Materials/Enemy 3.mat using Guid(c414020771876244e965da668473a0f5) Importer(815301076,1909f56bfc062723c751e8b465ee728b)  -> (artifact id: '237b15351488e4d7d2bee1df37fa380a') in 0.025807 seconds 
========================================================================
Received Import Request.
  Time since last request: 0.000211 seconds.
  path: Assets/Materials/GroundPlane.mat
  artifactKey: Guid(d2b7146d4e707dc48977bede5d7458af) Importer(815301076,1909f56bfc062723c751e8b465ee728b)
Start importing Assets/Materials/GroundPlane.mat using Guid(d2b7146d4e707dc48977bede5d7458af) Importer(815301076,1909f56bfc062723c751e8b465ee728b)  -> (artifact id: '525597db77488f15a382e3da3e4cc359') in 0.017799 seconds 
========================================================================
Received Import Request.
  Time since last request: 0.000270 seconds.
  path: Assets/Materials/Enemy 1.mat
  artifactKey: Guid(2636838219b44374abc3b4746a284b97) Importer(815301076,1909f56bfc062723c751e8b465ee728b)
Start importing Assets/Materials/Enemy 1.mat using Guid(2636838219b44374abc3b4746a284b97) Importer(815301076,1909f56bfc062723c751e8b465ee728b)  -> (artifact id: 'ff11cc7e894ba280f5ac615930539b01') in 0.016965 seconds 
========================================================================
Received Import Request.
  Time since last request: 0.000254 seconds.
  path: Assets/Materials/Ground.mat
  artifactKey: Guid(93d245062799475438e46e9cf9acead7) Importer(815301076,1909f56bfc062723c751e8b465ee728b)
Start importing Assets/Materials/Ground.mat using Guid(93d245062799475438e46e9cf9acead7) Importer(815301076,1909f56bfc062723c751e8b465ee728b)  -> (artifact id: '5490b09661a454062b177a263a21f00c') in 0.025416 seconds 
========================================================================
Received Import Request.
  Time since last request: 0.000228 seconds.
  path: Assets/Materials/Enemy 2.mat
  artifactKey: Guid(3514665c3966b8d4a8115e929193857a) Importer(815301076,1909f56bfc062723c751e8b465ee728b)
Start importing Assets/Materials/Enemy 2.mat using Guid(3514665c3966b8d4a8115e929193857a) Importer(815301076,1909f56bfc062723c751e8b465ee728b)  -> (artifact id: 'e21ecd4caf3790d97c453605e7fe41e4') in 0.019964 seconds 
========================================================================
Received Import Request.
  Time since last request: 4.322549 seconds.
  path: Assets/Scenes/MainScene.unity
  artifactKey: Guid(29a46a5f8826eeb459799c3f6f772356) Importer(815301076,1909f56bfc062723c751e8b465ee728b)
Start importing Assets/Scenes/MainScene.unity using Guid(29a46a5f8826eeb459799c3f6f772356) Importer(815301076,1909f56bfc062723c751e8b465ee728b)  -> (artifact id: 'f856abd4ff360225fa66c162f4b7ba3a') in 0.008726 seconds 
========================================================================
Received Prepare
Registering precompiled user dll's ...
Registered in 0.002568 seconds.
Begin MonoManager ReloadAssembly
Native extension for WindowsStandalone target not found
Native extension for WebGL target not found
Refreshing native plugins compatible for Editor in 0.41 ms, found 1 plugins.
Preloading 0 native plugins for Editor in 0.00 ms.
Mono: successfully reloaded assembly
- Completed reload, in  0.776 seconds
Platform modules already initialized, skipping
Refreshing native plugins compatible for Editor in 0.41 ms, found 1 plugins.
Preloading 0 native plugins for Editor in 0.00 ms.
Unloading 2668 Unused Serialized files (Serialized files now loaded: 0)
System memory in use before: 110.8 MB.
System memory in use after: 111.0 MB.

Unloading 9 unused Assets to reduce memory usage. Loaded Objects now: 3169.
Total: 1.827900 ms (FindLiveObjects: 0.190600 ms CreateObjectMapping: 0.112800 ms MarkObjects: 1.509100 ms  DeleteObjects: 0.014500 ms)

AssetImportWorkerClient::OnTransportError - code=2 error=End of file
