Using pre-set license
Built from '2021.1/release' branch; Version is '2021.1.0b12 (5f97ac28ace0) revision 6264748'; Using compiler version '192528614'; Build Type 'Release'
OS: 'Windows 10 Home; OS build 19042.867; Version 2009; 64bit' Language: 'en' Physical Memory: 16301 MB
BatchMode: 1, IsHumanControllingUs: 0, StartBugReporterOnCrash: 0, Is64bit: 1, IsPro: 0

 COMMAND LINE ARGUMENTS:
D:\Unity\2021.1.0b12\Editor\Unity.exe
-adb2
-batchMode
-noUpm
-name
AssetImportWorker1
-projectPath
D:/Projects/Unity/Project DCTD
-logFile
Logs/AssetImportWorker1.log
-srvPort
64451
Successfully changed project path to: D:/Projects/Unity/Project DCTD
D:/Projects/Unity/Project DCTD
Using Asset Import Pipeline V2.
Refreshing native plugins compatible for Editor in 74.74 ms, found 1 plugins.
Preloading 0 native plugins for Editor in 0.00 ms.
Initialize engine version: 2021.1.0b12 (5f97ac28ace0)
[Subsystems] Discovering subsystems at path D:/Unity/2021.1.0b12/Editor/Data/Resources/UnitySubsystems
[Subsystems] Discovering subsystems at path D:/Projects/Unity/Project DCTD/Assets
GfxDevice: creating device client; threaded=0; jobified=0
Direct3D:
    Version:  Direct3D 11.0 [level 11.1]
    Renderer: NVIDIA GeForce GTX 980 (ID=0x13c0)
    Vendor:   NVIDIA
    VRAM:     4053 MB
    Driver:   27.21.14.6589
Initialize mono
Mono path[0] = 'D:/Unity/2021.1.0b12/Editor/Data/Managed'
Mono path[1] = 'D:/Unity/2021.1.0b12/Editor/Data/MonoBleedingEdge/lib/mono/unityjit'
Mono config path = 'D:/Unity/2021.1.0b12/Editor/Data/MonoBleedingEdge/etc'
Using monoOptions --debugger-agent=transport=dt_socket,embedding=1,server=y,suspend=n,address=127.0.0.1:56192
Begin MonoManager ReloadAssembly
Registering precompiled unity dll's ...
Register platform support module: D:/Unity/2021.1.0b12/Editor/Data/PlaybackEngines/WebGLSupport/UnityEditor.WebGL.Extensions.dll
Register platform support module: D:/Unity/2021.1.0b12/Editor/Data/PlaybackEngines/WindowsStandaloneSupport/UnityEditor.WindowsStandalone.Extensions.dll
Registered in 0.001747 seconds.
Native extension for WindowsStandalone target not found
Native extension for WebGL target not found
Refreshing native plugins compatible for Editor in 98.55 ms, found 1 plugins.
Preloading 0 native plugins for Editor in 0.00 ms.
Mono: successfully reloaded assembly
- Completed reload, in 21.311 seconds
Platform modules already initialized, skipping
Registering precompiled user dll's ...
Registered in 0.002822 seconds.
Begin MonoManager ReloadAssembly
Native extension for WindowsStandalone target not found
Native extension for WebGL target not found
Refreshing native plugins compatible for Editor in 0.55 ms, found 1 plugins.
Preloading 0 native plugins for Editor in 0.00 ms.
Mono: successfully reloaded assembly
- Completed reload, in  1.301 seconds
Platform modules already initialized, skipping
========================================================================
Worker process is ready to serve import requests
Launched and connected shader compiler UnityShaderCompiler.exe after 0.10 seconds
Refreshing native plugins compatible for Editor in 0.84 ms, found 1 plugins.
Preloading 0 native plugins for Editor in 0.00 ms.
Unloading 2684 Unused Serialized files (Serialized files now loaded: 0)
System memory in use before: 179.1 MB.
System memory in use after: 179.3 MB.

Unloading 14 unused Assets to reduce memory usage. Loaded Objects now: 3142.
Total: 2.653900 ms (FindLiveObjects: 0.326900 ms CreateObjectMapping: 0.168200 ms MarkObjects: 2.072000 ms  DeleteObjects: 0.085400 ms)

========================================================================
Received Import Request.
  path: Assets/Animation/GameOver.anim
  artifactKey: Guid(c5921724355a10845a53e2ceffc69567) Importer(815301076,1909f56bfc062723c751e8b465ee728b)
Start importing Assets/Animation/GameOver.anim using Guid(c5921724355a10845a53e2ceffc69567) Importer(815301076,1909f56bfc062723c751e8b465ee728b)  -> (artifact id: '0198c9ed1a54dfaf91c50e9ca9fe464a') in 0.084516 seconds 
========================================================================
Received Prepare
Refreshing native plugins compatible for Editor in 1.85 ms, found 1 plugins.
Preloading 0 native plugins for Editor in 0.00 ms.
Unloading 7 Unused Serialized files (Serialized files now loaded: 0)
System memory in use before: 125.9 MB.
System memory in use after: 126.1 MB.

Unloading 7 unused Assets to reduce memory usage. Loaded Objects now: 3142.
Total: 2.544400 ms (FindLiveObjects: 0.294500 ms CreateObjectMapping: 0.163300 ms MarkObjects: 2.072300 ms  DeleteObjects: 0.012700 ms)

