Using pre-set license
Built from '2021.1/release' branch; Version is '2021.1.0b12 (5f97ac28ace0) revision 6264748'; Using compiler version '192528614'; Build Type 'Release'
OS: 'Windows 10 Home; OS build 19042.928; Version 2009; 64bit' Language: 'en' Physical Memory: 16301 MB
BatchMode: 1, IsHumanControllingUs: 0, StartBugReporterOnCrash: 0, Is64bit: 1, IsPro: 0

 COMMAND LINE ARGUMENTS:
D:\Unity\2021.1.0b12\Editor\Unity.exe
-adb2
-batchMode
-noUpm
-name
AssetImportWorker0
-projectPath
D:/Projects/Unity/Project DCTD
-logFile
Logs/AssetImportWorker0.log
-srvPort
62980
Successfully changed project path to: D:/Projects/Unity/Project DCTD
D:/Projects/Unity/Project DCTD
Using Asset Import Pipeline V2.
Refreshing native plugins compatible for Editor in 89.42 ms, found 1 plugins.
Preloading 0 native plugins for Editor in 0.00 ms.
Initialize engine version: 2021.1.0b12 (5f97ac28ace0)
[Subsystems] Discovering subsystems at path D:/Unity/2021.1.0b12/Editor/Data/Resources/UnitySubsystems
[Subsystems] Discovering subsystems at path D:/Projects/Unity/Project DCTD/Assets
GfxDevice: creating device client; threaded=0; jobified=0
Direct3D:
    Version:  Direct3D 11.0 [level 11.1]
    Renderer: NVIDIA GeForce GTX 980 (ID=0x13c0)
    Vendor:   NVIDIA
    VRAM:     4053 MB
    Driver:   27.21.14.6627
Initialize mono
Mono path[0] = 'D:/Unity/2021.1.0b12/Editor/Data/Managed'
Mono path[1] = 'D:/Unity/2021.1.0b12/Editor/Data/MonoBleedingEdge/lib/mono/unityjit'
Mono config path = 'D:/Unity/2021.1.0b12/Editor/Data/MonoBleedingEdge/etc'
Using monoOptions --debugger-agent=transport=dt_socket,embedding=1,server=y,suspend=n,address=127.0.0.1:56000
Begin MonoManager ReloadAssembly
Registering precompiled unity dll's ...
Register platform support module: D:/Unity/2021.1.0b12/Editor/Data/PlaybackEngines/WebGLSupport/UnityEditor.WebGL.Extensions.dll
Register platform support module: D:/Unity/2021.1.0b12/Editor/Data/PlaybackEngines/WindowsStandaloneSupport/UnityEditor.WindowsStandalone.Extensions.dll
Registered in 0.002839 seconds.
Native extension for WindowsStandalone target not found
Native extension for WebGL target not found
Refreshing native plugins compatible for Editor in 97.75 ms, found 1 plugins.
Preloading 0 native plugins for Editor in 0.00 ms.
Mono: successfully reloaded assembly
- Completed reload, in  1.963 seconds
Platform modules already initialized, skipping
Registering precompiled user dll's ...
Registered in 0.004414 seconds.
Begin MonoManager ReloadAssembly
Native extension for WindowsStandalone target not found
Native extension for WebGL target not found
Refreshing native plugins compatible for Editor in 0.71 ms, found 1 plugins.
Preloading 0 native plugins for Editor in 0.00 ms.
Mono: successfully reloaded assembly
- Completed reload, in  1.183 seconds
Platform modules already initialized, skipping
========================================================================
Worker process is ready to serve import requests
Launched and connected shader compiler UnityShaderCompiler.exe after 0.07 seconds
Refreshing native plugins compatible for Editor in 0.79 ms, found 1 plugins.
Preloading 0 native plugins for Editor in 0.00 ms.
Unloading 2692 Unused Serialized files (Serialized files now loaded: 0)
System memory in use before: 179.5 MB.
System memory in use after: 179.7 MB.

Unloading 14 unused Assets to reduce memory usage. Loaded Objects now: 3150.
Total: 3.803100 ms (FindLiveObjects: 0.357800 ms CreateObjectMapping: 0.212600 ms MarkObjects: 3.045900 ms  DeleteObjects: 0.185000 ms)

========================================================================
Received Import Request.
  path: Assets/Scripts/BuildManager.cs
  artifactKey: Guid(2b6cb9bbcd0cada409f8baccf3baa7a6) Importer(815301076,1909f56bfc062723c751e8b465ee728b)
Start importing Assets/Scripts/BuildManager.cs using Guid(2b6cb9bbcd0cada409f8baccf3baa7a6) Importer(815301076,1909f56bfc062723c751e8b465ee728b)  -> (artifact id: 'e3203b0ebdf841479072b2d150bda043') in 0.502520 seconds 
========================================================================
Received Import Request.
  Time since last request: 1144.482214 seconds.
  path: Assets/Scenes/Stage 1.unity
  artifactKey: Guid(29a46a5f8826eeb459799c3f6f772356) Importer(815301076,1909f56bfc062723c751e8b465ee728b)
Start importing Assets/Scenes/Stage 1.unity using Guid(29a46a5f8826eeb459799c3f6f772356) Importer(815301076,1909f56bfc062723c751e8b465ee728b)  -> (artifact id: '3805d5d82accca6bf60da5565afd6e21') in 0.577322 seconds 
========================================================================
Received Import Request.
  Time since last request: 309.941240 seconds.
  path: Assets/Scenes/LevelSelect.unity
  artifactKey: Guid(5e2e5561a8c988c448633bfe969b6874) Importer(815301076,1909f56bfc062723c751e8b465ee728b)
Start importing Assets/Scenes/LevelSelect.unity using Guid(5e2e5561a8c988c448633bfe969b6874) Importer(815301076,1909f56bfc062723c751e8b465ee728b)  -> (artifact id: '040aa203ad20eb9c8c4a2455a5dccc60') in 0.518206 seconds 
========================================================================
Received Import Request.
  Time since last request: 1024.721338 seconds.
  path: Assets/Scripts/TurretUpgradManager.cs
  artifactKey: Guid(ea71f474120bac24cb9e9fe75064303c) Importer(815301076,1909f56bfc062723c751e8b465ee728b)
Start importing Assets/Scripts/TurretUpgradManager.cs using Guid(ea71f474120bac24cb9e9fe75064303c) Importer(815301076,1909f56bfc062723c751e8b465ee728b)  -> (artifact id: '5e220c4a0935ba909fcbcf3c7c674ba1') in 0.013309 seconds 
========================================================================
Received Prepare
Registering precompiled user dll's ...
Registered in 0.003145 seconds.
Begin MonoManager ReloadAssembly
Native extension for WindowsStandalone target not found
Native extension for WebGL target not found
Refreshing native plugins compatible for Editor in 0.68 ms, found 1 plugins.
Preloading 0 native plugins for Editor in 0.00 ms.
Mono: successfully reloaded assembly
- Completed reload, in  1.068 seconds
Platform modules already initialized, skipping
Refreshing native plugins compatible for Editor in 0.99 ms, found 1 plugins.
Preloading 0 native plugins for Editor in 0.00 ms.
Unloading 2687 Unused Serialized files (Serialized files now loaded: 0)
System memory in use before: 179.4 MB.
System memory in use after: 179.6 MB.

Unloading 9 unused Assets to reduce memory usage. Loaded Objects now: 3154.
Total: 3.711300 ms (FindLiveObjects: 0.275300 ms CreateObjectMapping: 0.179900 ms MarkObjects: 2.936700 ms  DeleteObjects: 0.317900 ms)

========================================================================
Received Import Request.
  Time since last request: 28.149810 seconds.
  path: Assets/Scripts/TurretUpgradeManager.cs
  artifactKey: Guid(ea71f474120bac24cb9e9fe75064303c) Importer(815301076,1909f56bfc062723c751e8b465ee728b)
Start importing Assets/Scripts/TurretUpgradeManager.cs using Guid(ea71f474120bac24cb9e9fe75064303c) Importer(815301076,1909f56bfc062723c751e8b465ee728b)  -> (artifact id: 'a47eb8e4b160141f9516f9b4a1df053b') in 0.021497 seconds 
========================================================================
Received Prepare
Registering precompiled user dll's ...
Registered in 0.004062 seconds.
Begin MonoManager ReloadAssembly
Native extension for WindowsStandalone target not found
Native extension for WebGL target not found
Refreshing native plugins compatible for Editor in 0.73 ms, found 1 plugins.
Preloading 0 native plugins for Editor in 0.00 ms.
Mono: successfully reloaded assembly
- Completed reload, in  1.298 seconds
Platform modules already initialized, skipping
Refreshing native plugins compatible for Editor in 0.72 ms, found 1 plugins.
Preloading 0 native plugins for Editor in 0.00 ms.
Unloading 2687 Unused Serialized files (Serialized files now loaded: 0)
System memory in use before: 179.5 MB.
System memory in use after: 179.7 MB.

Unloading 9 unused Assets to reduce memory usage. Loaded Objects now: 3157.
Total: 2.626200 ms (FindLiveObjects: 0.402200 ms CreateObjectMapping: 0.193300 ms MarkObjects: 2.009800 ms  DeleteObjects: 0.019600 ms)

========================================================================
Received Prepare
Registering precompiled user dll's ...
Registered in 0.003437 seconds.
Begin MonoManager ReloadAssembly
Native extension for WindowsStandalone target not found
Native extension for WebGL target not found
Refreshing native plugins compatible for Editor in 0.67 ms, found 1 plugins.
Preloading 0 native plugins for Editor in 0.00 ms.
Mono: successfully reloaded assembly
- Completed reload, in  0.998 seconds
Platform modules already initialized, skipping
Refreshing native plugins compatible for Editor in 0.83 ms, found 1 plugins.
Preloading 0 native plugins for Editor in 0.00 ms.
Unloading 2687 Unused Serialized files (Serialized files now loaded: 0)
System memory in use before: 179.5 MB.
System memory in use after: 179.7 MB.

Unloading 9 unused Assets to reduce memory usage. Loaded Objects now: 3160.
Total: 2.309100 ms (FindLiveObjects: 0.301900 ms CreateObjectMapping: 0.172800 ms MarkObjects: 1.816100 ms  DeleteObjects: 0.016600 ms)

========================================================================
Received Import Request.
  Time since last request: 761.132303 seconds.
  path: Assets/Scripts/TurretUpgradeManager.cs
  artifactKey: Guid(ea71f474120bac24cb9e9fe75064303c) Importer(815301076,1909f56bfc062723c751e8b465ee728b)
Start importing Assets/Scripts/TurretUpgradeManager.cs using Guid(ea71f474120bac24cb9e9fe75064303c) Importer(815301076,1909f56bfc062723c751e8b465ee728b)  -> (artifact id: '96c1e12b255d35d305987e6ea8761f1d') in 0.007477 seconds 
========================================================================
Received Prepare
Registering precompiled user dll's ...
Registered in 0.003270 seconds.
Begin MonoManager ReloadAssembly
Native extension for WindowsStandalone target not found
Native extension for WebGL target not found
Refreshing native plugins compatible for Editor in 0.46 ms, found 1 plugins.
Preloading 0 native plugins for Editor in 0.00 ms.
Mono: successfully reloaded assembly
- Completed reload, in  1.003 seconds
Platform modules already initialized, skipping
Refreshing native plugins compatible for Editor in 0.46 ms, found 1 plugins.
Preloading 0 native plugins for Editor in 0.00 ms.
Unloading 2687 Unused Serialized files (Serialized files now loaded: 0)
System memory in use before: 179.5 MB.
System memory in use after: 179.7 MB.

Unloading 9 unused Assets to reduce memory usage. Loaded Objects now: 3163.
Total: 1.993900 ms (FindLiveObjects: 0.199000 ms CreateObjectMapping: 0.118800 ms MarkObjects: 1.660000 ms  DeleteObjects: 0.014700 ms)

========================================================================
Received Import Request.
  Time since last request: 767.940894 seconds.
  path: Assets/Scripts/TurretUpgradeManager.cs
  artifactKey: Guid(ea71f474120bac24cb9e9fe75064303c) Importer(815301076,1909f56bfc062723c751e8b465ee728b)
Start importing Assets/Scripts/TurretUpgradeManager.cs using Guid(ea71f474120bac24cb9e9fe75064303c) Importer(815301076,1909f56bfc062723c751e8b465ee728b)  -> (artifact id: 'e38c1ecee6dd7ceee5f316ff3fa274e7') in 0.027470 seconds 
========================================================================
Received Prepare
Registering precompiled user dll's ...
Registered in 0.003343 seconds.
Begin MonoManager ReloadAssembly
Native extension for WindowsStandalone target not found
Native extension for WebGL target not found
Refreshing native plugins compatible for Editor in 0.59 ms, found 1 plugins.
Preloading 0 native plugins for Editor in 0.00 ms.
Mono: successfully reloaded assembly
- Completed reload, in  0.978 seconds
Platform modules already initialized, skipping
Refreshing native plugins compatible for Editor in 0.53 ms, found 1 plugins.
Preloading 0 native plugins for Editor in 0.00 ms.
Unloading 2687 Unused Serialized files (Serialized files now loaded: 0)
System memory in use before: 179.5 MB.
System memory in use after: 179.7 MB.

Unloading 9 unused Assets to reduce memory usage. Loaded Objects now: 3166.
Total: 2.297900 ms (FindLiveObjects: 0.304500 ms CreateObjectMapping: 0.179700 ms MarkObjects: 1.796200 ms  DeleteObjects: 0.015700 ms)

========================================================================
Received Import Request.
  Time since last request: 60.902366 seconds.
  path: Assets/Scripts/TurretUpgradeManager.cs
  artifactKey: Guid(ea71f474120bac24cb9e9fe75064303c) Importer(815301076,1909f56bfc062723c751e8b465ee728b)
Start importing Assets/Scripts/TurretUpgradeManager.cs using Guid(ea71f474120bac24cb9e9fe75064303c) Importer(815301076,1909f56bfc062723c751e8b465ee728b)  -> (artifact id: '3f1ea277b4260b9753522db98c92e702') in 0.027061 seconds 
========================================================================
Received Prepare
Registering precompiled user dll's ...
Registered in 0.002674 seconds.
Begin MonoManager ReloadAssembly
Native extension for WindowsStandalone target not found
Native extension for WebGL target not found
Refreshing native plugins compatible for Editor in 0.69 ms, found 1 plugins.
Preloading 0 native plugins for Editor in 0.00 ms.
Mono: successfully reloaded assembly
- Completed reload, in  0.973 seconds
Platform modules already initialized, skipping
Refreshing native plugins compatible for Editor in 0.57 ms, found 1 plugins.
Preloading 0 native plugins for Editor in 0.00 ms.
Unloading 2687 Unused Serialized files (Serialized files now loaded: 0)
System memory in use before: 179.5 MB.
System memory in use after: 179.7 MB.

Unloading 9 unused Assets to reduce memory usage. Loaded Objects now: 3169.
Total: 3.524400 ms (FindLiveObjects: 0.377100 ms CreateObjectMapping: 0.199500 ms MarkObjects: 2.929100 ms  DeleteObjects: 0.017200 ms)

========================================================================
Received Import Request.
  Time since last request: 35.570913 seconds.
  path: Assets/Scripts/TurretUpgradeManager.cs
  artifactKey: Guid(ea71f474120bac24cb9e9fe75064303c) Importer(815301076,1909f56bfc062723c751e8b465ee728b)
Start importing Assets/Scripts/TurretUpgradeManager.cs using Guid(ea71f474120bac24cb9e9fe75064303c) Importer(815301076,1909f56bfc062723c751e8b465ee728b)  -> (artifact id: '7eb9db86cf1cefaba7b438ea270316d0') in 0.007313 seconds 
========================================================================
Received Prepare
Registering precompiled user dll's ...
Registered in 0.002850 seconds.
Begin MonoManager ReloadAssembly
Native extension for WindowsStandalone target not found
Native extension for WebGL target not found
Refreshing native plugins compatible for Editor in 0.72 ms, found 1 plugins.
Preloading 0 native plugins for Editor in 0.00 ms.
Mono: successfully reloaded assembly
- Completed reload, in  0.986 seconds
Platform modules already initialized, skipping
Refreshing native plugins compatible for Editor in 0.77 ms, found 1 plugins.
Preloading 0 native plugins for Editor in 0.00 ms.
Unloading 2687 Unused Serialized files (Serialized files now loaded: 0)
System memory in use before: 179.5 MB.
System memory in use after: 179.8 MB.

Unloading 9 unused Assets to reduce memory usage. Loaded Objects now: 3172.
Total: 3.200800 ms (FindLiveObjects: 0.320200 ms CreateObjectMapping: 0.142700 ms MarkObjects: 2.708200 ms  DeleteObjects: 0.027600 ms)

========================================================================
Received Prepare
Registering precompiled user dll's ...
Registered in 0.002881 seconds.
Begin MonoManager ReloadAssembly
Native extension for WindowsStandalone target not found
Native extension for WebGL target not found
Refreshing native plugins compatible for Editor in 0.46 ms, found 1 plugins.
Preloading 0 native plugins for Editor in 0.00 ms.
Mono: successfully reloaded assembly
- Completed reload, in  0.979 seconds
Platform modules already initialized, skipping
Refreshing native plugins compatible for Editor in 0.49 ms, found 1 plugins.
Preloading 0 native plugins for Editor in 0.00 ms.
Unloading 2687 Unused Serialized files (Serialized files now loaded: 0)
System memory in use before: 179.5 MB.
System memory in use after: 179.8 MB.

Unloading 9 unused Assets to reduce memory usage. Loaded Objects now: 3175.
Total: 2.033500 ms (FindLiveObjects: 0.234700 ms CreateObjectMapping: 0.113000 ms MarkObjects: 1.668300 ms  DeleteObjects: 0.016200 ms)

========================================================================
Received Prepare
Registering precompiled user dll's ...
Registered in 0.003386 seconds.
Begin MonoManager ReloadAssembly
Native extension for WindowsStandalone target not found
Native extension for WebGL target not found
Refreshing native plugins compatible for Editor in 0.44 ms, found 1 plugins.
Preloading 0 native plugins for Editor in 0.00 ms.
Mono: successfully reloaded assembly
- Completed reload, in  0.966 seconds
Platform modules already initialized, skipping
Refreshing native plugins compatible for Editor in 0.46 ms, found 1 plugins.
Preloading 0 native plugins for Editor in 0.00 ms.
Unloading 2687 Unused Serialized files (Serialized files now loaded: 0)
System memory in use before: 179.5 MB.
System memory in use after: 179.8 MB.

Unloading 9 unused Assets to reduce memory usage. Loaded Objects now: 3178.
Total: 2.171500 ms (FindLiveObjects: 0.342800 ms CreateObjectMapping: 0.166300 ms MarkObjects: 1.646200 ms  DeleteObjects: 0.015000 ms)

========================================================================
Received Prepare
Registering precompiled user dll's ...
Registered in 0.002673 seconds.
Begin MonoManager ReloadAssembly
Native extension for WindowsStandalone target not found
Native extension for WebGL target not found
Refreshing native plugins compatible for Editor in 0.46 ms, found 1 plugins.
Preloading 0 native plugins for Editor in 0.00 ms.
Mono: successfully reloaded assembly
- Completed reload, in  0.885 seconds
Platform modules already initialized, skipping
Refreshing native plugins compatible for Editor in 0.58 ms, found 1 plugins.
Preloading 0 native plugins for Editor in 0.00 ms.
Unloading 2687 Unused Serialized files (Serialized files now loaded: 0)
System memory in use before: 179.6 MB.
System memory in use after: 179.8 MB.

Unloading 9 unused Assets to reduce memory usage. Loaded Objects now: 3181.
Total: 2.191100 ms (FindLiveObjects: 0.295200 ms CreateObjectMapping: 0.175800 ms MarkObjects: 1.704900 ms  DeleteObjects: 0.014400 ms)

========================================================================
Received Prepare
Registering precompiled user dll's ...
Registered in 0.002750 seconds.
Begin MonoManager ReloadAssembly
Native extension for WindowsStandalone target not found
Native extension for WebGL target not found
Refreshing native plugins compatible for Editor in 0.61 ms, found 1 plugins.
Preloading 0 native plugins for Editor in 0.00 ms.
Mono: successfully reloaded assembly
- Completed reload, in  0.985 seconds
Platform modules already initialized, skipping
Refreshing native plugins compatible for Editor in 0.46 ms, found 1 plugins.
Preloading 0 native plugins for Editor in 0.00 ms.
Unloading 2687 Unused Serialized files (Serialized files now loaded: 0)
System memory in use before: 179.6 MB.
System memory in use after: 179.8 MB.

Unloading 9 unused Assets to reduce memory usage. Loaded Objects now: 3184.
Total: 2.230400 ms (FindLiveObjects: 0.263800 ms CreateObjectMapping: 0.138700 ms MarkObjects: 1.805700 ms  DeleteObjects: 0.021200 ms)

========================================================================
Received Prepare
Registering precompiled user dll's ...
Registered in 0.002951 seconds.
Begin MonoManager ReloadAssembly
Native extension for WindowsStandalone target not found
Native extension for WebGL target not found
Refreshing native plugins compatible for Editor in 0.76 ms, found 1 plugins.
Preloading 0 native plugins for Editor in 0.00 ms.
Mono: successfully reloaded assembly
- Completed reload, in  1.000 seconds
Platform modules already initialized, skipping
Refreshing native plugins compatible for Editor in 0.64 ms, found 1 plugins.
Preloading 0 native plugins for Editor in 0.00 ms.
Unloading 2687 Unused Serialized files (Serialized files now loaded: 0)
System memory in use before: 179.6 MB.
System memory in use after: 179.8 MB.

Unloading 9 unused Assets to reduce memory usage. Loaded Objects now: 3187.
Total: 2.874600 ms (FindLiveObjects: 0.270900 ms CreateObjectMapping: 0.140800 ms MarkObjects: 2.441200 ms  DeleteObjects: 0.019900 ms)

========================================================================
Received Prepare
Registering precompiled user dll's ...
Registered in 0.003337 seconds.
Begin MonoManager ReloadAssembly
Native extension for WindowsStandalone target not found
Native extension for WebGL target not found
Refreshing native plugins compatible for Editor in 0.44 ms, found 1 plugins.
Preloading 0 native plugins for Editor in 0.00 ms.
Mono: successfully reloaded assembly
- Completed reload, in  0.984 seconds
Platform modules already initialized, skipping
Refreshing native plugins compatible for Editor in 0.50 ms, found 1 plugins.
Preloading 0 native plugins for Editor in 0.00 ms.
Unloading 2687 Unused Serialized files (Serialized files now loaded: 0)
System memory in use before: 179.6 MB.
System memory in use after: 179.8 MB.

Unloading 9 unused Assets to reduce memory usage. Loaded Objects now: 3190.
Total: 2.433600 ms (FindLiveObjects: 0.517900 ms CreateObjectMapping: 0.213300 ms MarkObjects: 1.685500 ms  DeleteObjects: 0.015000 ms)

========================================================================
Received Prepare
Registering precompiled user dll's ...
Registered in 0.003352 seconds.
Begin MonoManager ReloadAssembly
Native extension for WindowsStandalone target not found
Native extension for WebGL target not found
Refreshing native plugins compatible for Editor in 0.45 ms, found 1 plugins.
Preloading 0 native plugins for Editor in 0.00 ms.
Mono: successfully reloaded assembly
- Completed reload, in  1.011 seconds
Platform modules already initialized, skipping
Refreshing native plugins compatible for Editor in 0.47 ms, found 1 plugins.
Preloading 0 native plugins for Editor in 0.00 ms.
Unloading 2687 Unused Serialized files (Serialized files now loaded: 0)
System memory in use before: 179.6 MB.
System memory in use after: 179.8 MB.

Unloading 9 unused Assets to reduce memory usage. Loaded Objects now: 3193.
Total: 2.407800 ms (FindLiveObjects: 0.246700 ms CreateObjectMapping: 0.134500 ms MarkObjects: 2.001600 ms  DeleteObjects: 0.022900 ms)

========================================================================
Received Prepare
Registering precompiled user dll's ...
Registered in 0.003268 seconds.
Begin MonoManager ReloadAssembly
Native extension for WindowsStandalone target not found
Native extension for WebGL target not found
Refreshing native plugins compatible for Editor in 0.57 ms, found 1 plugins.
Preloading 0 native plugins for Editor in 0.00 ms.
Mono: successfully reloaded assembly
- Completed reload, in  1.164 seconds
Platform modules already initialized, skipping
Refreshing native plugins compatible for Editor in 0.52 ms, found 1 plugins.
Preloading 0 native plugins for Editor in 0.00 ms.
Unloading 2687 Unused Serialized files (Serialized files now loaded: 0)
System memory in use before: 179.6 MB.
System memory in use after: 179.8 MB.

Unloading 9 unused Assets to reduce memory usage. Loaded Objects now: 3196.
Total: 3.013700 ms (FindLiveObjects: 0.339000 ms CreateObjectMapping: 0.166900 ms MarkObjects: 2.488600 ms  DeleteObjects: 0.017600 ms)

========================================================================
Received Prepare
Registering precompiled user dll's ...
Registered in 0.003927 seconds.
Begin MonoManager ReloadAssembly
Native extension for WindowsStandalone target not found
Native extension for WebGL target not found
Refreshing native plugins compatible for Editor in 0.43 ms, found 1 plugins.
Preloading 0 native plugins for Editor in 0.00 ms.
Mono: successfully reloaded assembly
- Completed reload, in  0.915 seconds
Platform modules already initialized, skipping
Refreshing native plugins compatible for Editor in 0.67 ms, found 1 plugins.
Preloading 0 native plugins for Editor in 0.00 ms.
Unloading 2687 Unused Serialized files (Serialized files now loaded: 0)
System memory in use before: 179.6 MB.
System memory in use after: 179.8 MB.

Unloading 9 unused Assets to reduce memory usage. Loaded Objects now: 3199.
Total: 1.900200 ms (FindLiveObjects: 0.202400 ms CreateObjectMapping: 0.125000 ms MarkObjects: 1.545600 ms  DeleteObjects: 0.026300 ms)

========================================================================
Received Prepare
Registering precompiled user dll's ...
Registered in 0.002733 seconds.
Begin MonoManager ReloadAssembly
Native extension for WindowsStandalone target not found
Native extension for WebGL target not found
Refreshing native plugins compatible for Editor in 0.59 ms, found 1 plugins.
Preloading 0 native plugins for Editor in 0.00 ms.
Mono: successfully reloaded assembly
- Completed reload, in  0.993 seconds
Platform modules already initialized, skipping
Refreshing native plugins compatible for Editor in 0.58 ms, found 1 plugins.
Preloading 0 native plugins for Editor in 0.00 ms.
Unloading 2687 Unused Serialized files (Serialized files now loaded: 0)
System memory in use before: 179.6 MB.
System memory in use after: 179.8 MB.

Unloading 9 unused Assets to reduce memory usage. Loaded Objects now: 3202.
Total: 1.845400 ms (FindLiveObjects: 0.251900 ms CreateObjectMapping: 0.126100 ms MarkObjects: 1.453400 ms  DeleteObjects: 0.013200 ms)

========================================================================
Received Import Request.
  Time since last request: 1982.547813 seconds.
  path: Assets/Scenes/MainMenu.unity
  artifactKey: Guid(3b7dab10a4f0c8447b9cc12881db5d7f) Importer(815301076,1909f56bfc062723c751e8b465ee728b)
Start importing Assets/Scenes/MainMenu.unity using Guid(3b7dab10a4f0c8447b9cc12881db5d7f) Importer(815301076,1909f56bfc062723c751e8b465ee728b)  -> (artifact id: 'eaa497d46c52dc60df8a16bfb3f1fab2') in 0.022823 seconds 
========================================================================
Received Prepare
Registering precompiled user dll's ...
Registered in 0.003597 seconds.
Begin MonoManager ReloadAssembly
Native extension for WindowsStandalone target not found
Native extension for WebGL target not found
Refreshing native plugins compatible for Editor in 0.56 ms, found 1 plugins.
Preloading 0 native plugins for Editor in 0.00 ms.
Mono: successfully reloaded assembly
- Completed reload, in  0.930 seconds
Platform modules already initialized, skipping
Refreshing native plugins compatible for Editor in 0.51 ms, found 1 plugins.
Preloading 0 native plugins for Editor in 0.00 ms.
Unloading 2687 Unused Serialized files (Serialized files now loaded: 0)
System memory in use before: 179.6 MB.
System memory in use after: 179.8 MB.

Unloading 9 unused Assets to reduce memory usage. Loaded Objects now: 3205.
Total: 2.417500 ms (FindLiveObjects: 0.289100 ms CreateObjectMapping: 0.149600 ms MarkObjects: 1.961900 ms  DeleteObjects: 0.015600 ms)

========================================================================
Received Prepare
Registering precompiled user dll's ...
Registered in 0.002766 seconds.
Begin MonoManager ReloadAssembly
Native extension for WindowsStandalone target not found
Native extension for WebGL target not found
Refreshing native plugins compatible for Editor in 0.42 ms, found 1 plugins.
Preloading 0 native plugins for Editor in 0.00 ms.
Mono: successfully reloaded assembly
- Completed reload, in  0.945 seconds
Platform modules already initialized, skipping
Refreshing native plugins compatible for Editor in 0.67 ms, found 1 plugins.
Preloading 0 native plugins for Editor in 0.00 ms.
Unloading 2687 Unused Serialized files (Serialized files now loaded: 0)
System memory in use before: 179.6 MB.
System memory in use after: 179.8 MB.

Unloading 9 unused Assets to reduce memory usage. Loaded Objects now: 3208.
Total: 1.993400 ms (FindLiveObjects: 0.203900 ms CreateObjectMapping: 0.132600 ms MarkObjects: 1.642300 ms  DeleteObjects: 0.013800 ms)

========================================================================
Received Import Request.
  Time since last request: 653.266677 seconds.
  path: Assets/Imports/Icons/2x.png
  artifactKey: Guid(42bb46c92801e9e48842ab8d1a6895e4) Importer(815301076,1909f56bfc062723c751e8b465ee728b)
Start importing Assets/Imports/Icons/2x.png using Guid(42bb46c92801e9e48842ab8d1a6895e4) Importer(815301076,1909f56bfc062723c751e8b465ee728b)  -> (artifact id: '5c9986fd52b731b1d54c9873a4933b03') in 0.143513 seconds 
========================================================================
Received Import Request.
  Time since last request: 8.763642 seconds.
  path: Assets/Imports/Icons/2x.png
  artifactKey: Guid(42bb46c92801e9e48842ab8d1a6895e4) Importer(815301076,1909f56bfc062723c751e8b465ee728b)
Start importing Assets/Imports/Icons/2x.png using Guid(42bb46c92801e9e48842ab8d1a6895e4) Importer(815301076,1909f56bfc062723c751e8b465ee728b)  -> (artifact id: 'b7aaba0deea18e27092e975cd0f8784f') in 0.089572 seconds 
========================================================================
Received Prepare
Registering precompiled user dll's ...
Registered in 0.003713 seconds.
Begin MonoManager ReloadAssembly
Native extension for WindowsStandalone target not found
Native extension for WebGL target not found
Refreshing native plugins compatible for Editor in 0.70 ms, found 1 plugins.
Preloading 0 native plugins for Editor in 0.00 ms.
Mono: successfully reloaded assembly
- Completed reload, in  0.888 seconds
Platform modules already initialized, skipping
Refreshing native plugins compatible for Editor in 0.41 ms, found 1 plugins.
Preloading 0 native plugins for Editor in 0.00 ms.
Unloading 2688 Unused Serialized files (Serialized files now loaded: 0)
System memory in use before: 184.3 MB.
System memory in use after: 184.6 MB.

Unloading 9 unused Assets to reduce memory usage. Loaded Objects now: 3246.
Total: 1.961200 ms (FindLiveObjects: 0.209800 ms CreateObjectMapping: 0.114900 ms MarkObjects: 1.614300 ms  DeleteObjects: 0.020800 ms)

========================================================================
Received Prepare
Registering precompiled user dll's ...
Registered in 0.003805 seconds.
Begin MonoManager ReloadAssembly
Native extension for WindowsStandalone target not found
Native extension for WebGL target not found
Refreshing native plugins compatible for Editor in 0.44 ms, found 1 plugins.
Preloading 0 native plugins for Editor in 0.00 ms.
Mono: successfully reloaded assembly
- Completed reload, in  0.986 seconds
Platform modules already initialized, skipping
Refreshing native plugins compatible for Editor in 0.54 ms, found 1 plugins.
Preloading 0 native plugins for Editor in 0.00 ms.
Unloading 2687 Unused Serialized files (Serialized files now loaded: 0)
System memory in use before: 184.3 MB.
System memory in use after: 184.5 MB.

Unloading 9 unused Assets to reduce memory usage. Loaded Objects now: 3249.
Total: 2.238600 ms (FindLiveObjects: 0.214300 ms CreateObjectMapping: 0.132300 ms MarkObjects: 1.872800 ms  DeleteObjects: 0.018400 ms)

========================================================================
Received Prepare
Registering precompiled user dll's ...
Registered in 0.003671 seconds.
Begin MonoManager ReloadAssembly
Native extension for WindowsStandalone target not found
Native extension for WebGL target not found
Refreshing native plugins compatible for Editor in 0.47 ms, found 1 plugins.
Preloading 0 native plugins for Editor in 0.00 ms.
Mono: successfully reloaded assembly
- Completed reload, in  1.014 seconds
Platform modules already initialized, skipping
Refreshing native plugins compatible for Editor in 0.58 ms, found 1 plugins.
Preloading 0 native plugins for Editor in 0.00 ms.
Unloading 2687 Unused Serialized files (Serialized files now loaded: 0)
System memory in use before: 184.3 MB.
System memory in use after: 184.5 MB.

Unloading 9 unused Assets to reduce memory usage. Loaded Objects now: 3252.
Total: 1.947400 ms (FindLiveObjects: 0.239300 ms CreateObjectMapping: 0.133200 ms MarkObjects: 1.558600 ms  DeleteObjects: 0.015300 ms)

========================================================================
Received Prepare
Registering precompiled user dll's ...
Registered in 0.002851 seconds.
Begin MonoManager ReloadAssembly
Native extension for WindowsStandalone target not found
Native extension for WebGL target not found
Refreshing native plugins compatible for Editor in 0.43 ms, found 1 plugins.
Preloading 0 native plugins for Editor in 0.00 ms.
Mono: successfully reloaded assembly
- Completed reload, in  1.524 seconds
Platform modules already initialized, skipping
Refreshing native plugins compatible for Editor in 0.44 ms, found 1 plugins.
Preloading 0 native plugins for Editor in 0.00 ms.
Unloading 2687 Unused Serialized files (Serialized files now loaded: 0)
System memory in use before: 184.3 MB.
System memory in use after: 184.5 MB.

Unloading 9 unused Assets to reduce memory usage. Loaded Objects now: 3255.
Total: 2.571000 ms (FindLiveObjects: 0.372800 ms CreateObjectMapping: 0.192400 ms MarkObjects: 1.986800 ms  DeleteObjects: 0.018200 ms)

========================================================================
Received Import Request.
  Time since last request: 5538.707465 seconds.
  path: Assets/Scenes/LevelSelect.unity
  artifactKey: Guid(5e2e5561a8c988c448633bfe969b6874) Importer(815301076,1909f56bfc062723c751e8b465ee728b)
Start importing Assets/Scenes/LevelSelect.unity using Guid(5e2e5561a8c988c448633bfe969b6874) Importer(815301076,1909f56bfc062723c751e8b465ee728b)  -> (artifact id: 'dd30d4c49dab5960eed5751cb8d778fb') in 0.020168 seconds 
